{"uuid":"0342880b-aebc-443d-88cb-090cd2d77db6","historyId":"30f966c6b870faa4b1aa77573403cf0c","fullName":"Users Suits: Add Adress","labels":[{"name":"tag","value":"userAdres25"},{"name":"tag","value":"smoke"},{"name":"host","value":"DESKTOP-IU9B05E"},{"name":"thread","value":"11824@DESKTOP-IU9B05E.main(1)"},{"name":"feature","value":"Users Suits"},{"name":"story","value":"Add Adress"},{"name":"suite","value":"Users Suits"},{"name":"testClass","value":"Add Adress"},{"name":"framework","value":"cucumber6jvm"},{"name":"language","value":"java"},{"name":"gherkin_uri","value":"file:///C:/Users/Enis/Downloads/Beko-cucumber-2024/src/test/java/features/User/Test06_UpdateUserInfo.feature"},{"name":"package","value":"src.test.java.features.User.Test06_UpdateUserInfo_feature.Users Suits"}],"links":[],"name":"Add Adress","status":"broken","statusDetails":{"known":false,"muted":false,"flaky":false,"message":"element click intercepted: Element is not clickable at point (684, 701)\n  (Session info: chrome=126.0.6478.114)\nBuild info: version: '4.9.1', revision: 'eb2032df7f'\nSystem info: os.name: 'Windows 10', os.arch: 'amd64', os.version: '10.0', java.version: '17.0.4.1'\nDriver info: org.openqa.selenium.chrome.ChromeDriver\nCommand: [41297fde17f004f6713c6c0389fb2177, clickElement {id=f.5B378504A1FA0597CAAE1C63D0CF444A.d.22AE91C8DF9A71C527E042F458CE2D57.e.243}]\nCapabilities {acceptInsecureCerts: false, browserName: chrome, browserVersion: 126.0.6478.114, chrome: {chromedriverVersion: 126.0.6478.126 (d36ace6122e..., userDataDir: C:\\Users\\Enis\\AppData\\Local...}, fedcm:accounts: true, goog:chromeOptions: {debuggerAddress: localhost:63606}, networkConnectionEnabled: false, pageLoadStrategy: normal, platformName: windows, proxy: Proxy(), se:cdp: ws://localhost:63606/devtoo..., se:cdpVersion: 126.0.6478.114, setWindowRect: true, strictFileInteractability: false, timeouts: {implicit: 0, pageLoad: 300000, script: 30000}, unhandledPromptBehavior: dismiss and notify, webauthn:extension:credBlob: true, webauthn:extension:largeBlob: true, webauthn:extension:minPinLength: true, webauthn:extension:prf: true, webauthn:virtualAuthenticators: true}\nElement: [[ChromeDriver: chrome on windows (41297fde17f004f6713c6c0389fb2177)] -> xpath: //button[@title='Kaydet']]\nSession ID: 41297fde17f004f6713c6c0389fb2177","trace":"org.openqa.selenium.ElementClickInterceptedException: element click intercepted: Element is not clickable at point (684, 701)\n  (Session info: chrome=126.0.6478.114)\nBuild info: version: '4.9.1', revision: 'eb2032df7f'\nSystem info: os.name: 'Windows 10', os.arch: 'amd64', os.version: '10.0', java.version: '17.0.4.1'\nDriver info: org.openqa.selenium.chrome.ChromeDriver\nCommand: [41297fde17f004f6713c6c0389fb2177, clickElement {id=f.5B378504A1FA0597CAAE1C63D0CF444A.d.22AE91C8DF9A71C527E042F458CE2D57.e.243}]\nCapabilities {acceptInsecureCerts: false, browserName: chrome, browserVersion: 126.0.6478.114, chrome: {chromedriverVersion: 126.0.6478.126 (d36ace6122e..., userDataDir: C:\\Users\\Enis\\AppData\\Local...}, fedcm:accounts: true, goog:chromeOptions: {debuggerAddress: localhost:63606}, networkConnectionEnabled: false, pageLoadStrategy: normal, platformName: windows, proxy: Proxy(), se:cdp: ws://localhost:63606/devtoo..., se:cdpVersion: 126.0.6478.114, setWindowRect: true, strictFileInteractability: false, timeouts: {implicit: 0, pageLoad: 300000, script: 30000}, unhandledPromptBehavior: dismiss and notify, webauthn:extension:credBlob: true, webauthn:extension:largeBlob: true, webauthn:extension:minPinLength: true, webauthn:extension:prf: true, webauthn:virtualAuthenticators: true}\nElement: [[ChromeDriver: chrome on windows (41297fde17f004f6713c6c0389fb2177)] -> xpath: //button[@title='Kaydet']]\nSession ID: 41297fde17f004f6713c6c0389fb2177\r\n\tat java.base/jdk.internal.reflect.NativeConstructorAccessorImpl.newInstance0(Native Method)\r\n\tat java.base/jdk.internal.reflect.NativeConstructorAccessorImpl.newInstance(NativeConstructorAccessorImpl.java:77)\r\n\tat java.base/jdk.internal.reflect.DelegatingConstructorAccessorImpl.newInstance(DelegatingConstructorAccessorImpl.java:45)\r\n\tat java.base/java.lang.reflect.Constructor.newInstanceWithCaller(Constructor.java:499)\r\n\tat java.base/java.lang.reflect.Constructor.newInstance(Constructor.java:480)\r\n\tat org.openqa.selenium.remote.codec.w3c.W3CHttpResponseCodec.createException(W3CHttpResponseCodec.java:200)\r\n\tat org.openqa.selenium.remote.codec.w3c.W3CHttpResponseCodec.decode(W3CHttpResponseCodec.java:133)\r\n\tat org.openqa.selenium.remote.codec.w3c.W3CHttpResponseCodec.decode(W3CHttpResponseCodec.java:53)\r\n\tat org.openqa.selenium.remote.HttpCommandExecutor.execute(HttpCommandExecutor.java:193)\r\n\tat org.openqa.selenium.remote.service.DriverCommandExecutor.invokeExecute(DriverCommandExecutor.java:183)\r\n\tat org.openqa.selenium.remote.service.DriverCommandExecutor.execute(DriverCommandExecutor.java:158)\r\n\tat org.openqa.selenium.remote.RemoteWebDriver.execute(RemoteWebDriver.java:543)\r\n\tat org.openqa.selenium.remote.RemoteWebElement.execute(RemoteWebElement.java:257)\r\n\tat org.openqa.selenium.remote.RemoteWebElement.click(RemoteWebElement.java:78)\r\n\tat commons.CommonLib.clickElementWaitUntilClickable(CommonLib.java:139)\r\n\tat stepdef.MyStepdefs.clickElementWaitUntilClickable(MyStepdefs.java:52)\r\n\tat ✽.I wait until element to be clickable and click to \"Kaydet Button\" element(file:///C:/Users/Enis/Downloads/Beko-cucumber-2024/src/test/java/features/User/Test06_UpdateUserInfo.feature:28)\r\n"},"stage":"finished","steps":[{"name":"When  I see \"HomePage\" page","status":"passed","statusDetails":{"known":false,"muted":false,"flaky":false},"stage":"finished","steps":[{"name":"page json file is found(HomePage.json)","status":"passed","stage":"finished","steps":[],"attachments":[],"parameters":[],"start":1719415453107,"stop":1719415453107},{"name":"page json file is found(HomePage.json)","status":"passed","stage":"finished","steps":[],"attachments":[],"parameters":[],"start":1719415453107,"stop":1719415453107},{"name":"there is no waitElement on the page","status":"skipped","stage":"finished","steps":[],"attachments":[],"parameters":[],"start":1719415453107,"stop":1719415453107}],"attachments":[],"parameters":[],"start":1719415453105,"stop":1719415453108},{"name":"Then  I go to url:\"https://akamai-s1-astra-stage.beko.com.tr/\"","status":"passed","statusDetails":{"known":false,"muted":false,"flaky":false},"stage":"finished","steps":[{"name":"Sleep","status":"passed","stage":"finished","steps":[],"attachments":[],"parameters":[],"start":1719415455387,"stop":1719415455387},{"name":"Url opened successfully","status":"passed","stage":"finished","steps":[],"attachments":[],"parameters":[],"start":1719415457583,"stop":1719415457583}],"attachments":[{"name":"ScreenShot: Url opened successfully","source":"192d375e-0948-473d-a5f5-6b3caffa8104-attachment"}],"parameters":[],"start":1719415453109,"stop":1719415457583},{"name":"Then  I wait \"uyelik button\" element","status":"passed","statusDetails":{"known":false,"muted":false,"flaky":false},"stage":"finished","steps":[{"name":"page json file is found(HomePage.json)","status":"passed","stage":"finished","steps":[],"attachments":[],"parameters":[],"start":1719415457584,"stop":1719415457584},{"name":"uyelik buttonElement is found","status":"passed","stage":"finished","steps":[],"attachments":[],"parameters":[],"start":1719415457845,"stop":1719415457845}],"attachments":[{"name":"ScreenShot: uyelik buttonElement is found","source":"a4113744-85f5-40f4-b143-d0a7e33cd833-attachment"}],"parameters":[],"start":1719415457583,"stop":1719415457852},{"name":"Then  I sleep for 1 seconds","status":"passed","statusDetails":{"known":false,"muted":false,"flaky":false},"stage":"finished","steps":[{"name":"Sleep","status":"passed","stage":"finished","steps":[],"attachments":[],"parameters":[],"start":1719415458856,"stop":1719415458856}],"attachments":[],"parameters":[],"start":1719415457852,"stop":1719415458856},{"name":"Then  I wait until element to be clickable and click to \"uyelik button\" element","status":"passed","statusDetails":{"known":false,"muted":false,"flaky":false},"stage":"finished","steps":[{"name":"page json file is found(HomePage.json)","status":"passed","stage":"finished","steps":[],"attachments":[],"parameters":[],"start":1719415458859,"stop":1719415458859},{"name":"Clicked to element.","status":"passed","stage":"finished","steps":[],"attachments":[],"parameters":[],"start":1719415459123,"stop":1719415459123}],"attachments":[{"name":"ScreenShot: Clicked to element.","source":"f7fa1393-0c3e-4144-aebf-6d9f9b286b7b-attachment"}],"parameters":[],"start":1719415458856,"stop":1719415461490},{"name":"When  I see \"LoginPage\" page","status":"passed","statusDetails":{"known":false,"muted":false,"flaky":false},"stage":"finished","steps":[{"name":"page json file is found(LoginPage.json)","status":"passed","stage":"finished","steps":[],"attachments":[],"parameters":[],"start":1719415461492,"stop":1719415461492},{"name":"page json file is found(LoginPage.json)","status":"passed","stage":"finished","steps":[],"attachments":[],"parameters":[],"start":1719415461492,"stop":1719415461492},{"name":"there is no waitElement on the page","status":"skipped","stage":"finished","steps":[],"attachments":[],"parameters":[],"start":1719415461492,"stop":1719415461492}],"attachments":[],"parameters":[],"start":1719415461490,"stop":1719415461492},{"name":"Then  I wait \"username\" element","status":"passed","statusDetails":{"known":false,"muted":false,"flaky":false},"stage":"finished","steps":[{"name":"page json file is found(LoginPage.json)","status":"passed","stage":"finished","steps":[],"attachments":[],"parameters":[],"start":1719415461494,"stop":1719415461494},{"name":"usernameElement is found","status":"passed","stage":"finished","steps":[],"attachments":[],"parameters":[],"start":1719415462010,"stop":1719415462010}],"attachments":[{"name":"ScreenShot: usernameElement is found","source":"fc262824-5a5b-46bf-9ac0-002e975ded21-attachment"}],"parameters":[],"start":1719415461493,"stop":1719415462017},{"name":"Then  I wait \"password\" element","status":"passed","statusDetails":{"known":false,"muted":false,"flaky":false},"stage":"finished","steps":[{"name":"page json file is found(LoginPage.json)","status":"passed","stage":"finished","steps":[],"attachments":[],"parameters":[],"start":1719415462019,"stop":1719415462019},{"name":"passwordElement is found","status":"passed","stage":"finished","steps":[],"attachments":[],"parameters":[],"start":1719415462299,"stop":1719415462299}],"attachments":[{"name":"ScreenShot: passwordElement is found","source":"512dcf1d-6acc-4a13-a788-621055edcbe7-attachment"}],"parameters":[],"start":1719415462019,"stop":1719415462306},{"name":"Then  I send key to \"username\" element text:\"bekos1test@gmail.com\"","status":"passed","statusDetails":{"known":false,"muted":false,"flaky":false},"stage":"finished","steps":[{"name":"page json file is found(LoginPage.json)","status":"passed","stage":"finished","steps":[],"attachments":[],"parameters":[],"start":1719415462307,"stop":1719415462307},{"name":"Text send text area","status":"passed","stage":"finished","steps":[],"attachments":[],"parameters":[],"start":1719415462675,"stop":1719415462675}],"attachments":[{"name":"ScreenShot: Text send text area","source":"ab04b154-1514-4a94-b956-488c36aefa8c-attachment"}],"parameters":[],"start":1719415462306,"stop":1719415462676},{"name":"Then  I send key to \"password\" element text:\"Albayrak.41\"","status":"passed","statusDetails":{"known":false,"muted":false,"flaky":false},"stage":"finished","steps":[{"name":"page json file is found(LoginPage.json)","status":"passed","stage":"finished","steps":[],"attachments":[],"parameters":[],"start":1719415462676,"stop":1719415462676},{"name":"Text send text area","status":"passed","stage":"finished","steps":[],"attachments":[],"parameters":[],"start":1719415463013,"stop":1719415463013}],"attachments":[{"name":"ScreenShot: Text send text area","source":"2c14f649-0a9c-4540-9856-fb52d3b16748-attachment"}],"parameters":[],"start":1719415462676,"stop":1719415463013},{"name":"Then  I wait until element to be clickable and click to \"giris yap\" element","status":"passed","statusDetails":{"known":false,"muted":false,"flaky":false},"stage":"finished","steps":[{"name":"page json file is found(LoginPage.json)","status":"passed","stage":"finished","steps":[],"attachments":[],"parameters":[],"start":1719415463013,"stop":1719415463013},{"name":"Clicked to element.","status":"passed","stage":"finished","steps":[],"attachments":[],"parameters":[],"start":1719415463316,"stop":1719415463316}],"attachments":[{"name":"ScreenShot: Clicked to element.","source":"83008b96-dac4-455a-9369-2bdb446f28ff-attachment"}],"parameters":[],"start":1719415463013,"stop":1719415463367},{"name":"Then  I sleep for 10 seconds","status":"passed","statusDetails":{"known":false,"muted":false,"flaky":false},"stage":"finished","steps":[{"name":"Sleep","status":"passed","stage":"finished","steps":[],"attachments":[],"parameters":[],"start":1719415473371,"stop":1719415473371}],"attachments":[],"parameters":[],"start":1719415463367,"stop":1719415473371},{"name":"When  I see \"HomePage\" page","status":"passed","statusDetails":{"known":false,"muted":false,"flaky":false},"stage":"finished","steps":[{"name":"page json file is found(HomePage.json)","status":"passed","stage":"finished","steps":[],"attachments":[],"parameters":[],"start":1719415473372,"stop":1719415473372},{"name":"page json file is found(HomePage.json)","status":"passed","stage":"finished","steps":[],"attachments":[],"parameters":[],"start":1719415473372,"stop":1719415473372},{"name":"there is no waitElement on the page","status":"skipped","stage":"finished","steps":[],"attachments":[],"parameters":[],"start":1719415473372,"stop":1719415473372}],"attachments":[],"parameters":[],"start":1719415473372,"stop":1719415473373},{"name":"Then  I wait until element to be clickable and click to \"hesabim button\" element","status":"passed","statusDetails":{"known":false,"muted":false,"flaky":false},"stage":"finished","steps":[{"name":"page json file is found(HomePage.json)","status":"passed","stage":"finished","steps":[],"attachments":[],"parameters":[],"start":1719415473373,"stop":1719415473373},{"name":"Clicked to element.","status":"passed","stage":"finished","steps":[],"attachments":[],"parameters":[],"start":1719415473624,"stop":1719415473624}],"attachments":[{"name":"ScreenShot: Clicked to element.","source":"2cdf7b8e-74b7-4d75-9bdb-0d4b5f68eb99-attachment"}],"parameters":[],"start":1719415473373,"stop":1719415479029},{"name":"Then  I sleep for 10 seconds","status":"passed","statusDetails":{"known":false,"muted":false,"flaky":false},"stage":"finished","steps":[{"name":"Sleep","status":"passed","stage":"finished","steps":[],"attachments":[],"parameters":[],"start":1719415489036,"stop":1719415489036}],"attachments":[],"parameters":[],"start":1719415479029,"stop":1719415489037},{"name":"When  I see \"HesabimPage\" page","status":"passed","statusDetails":{"known":false,"muted":false,"flaky":false},"stage":"finished","steps":[{"name":"page json file is found(HesabimPage.json)","status":"passed","stage":"finished","steps":[],"attachments":[],"parameters":[],"start":1719415489039,"stop":1719415489039},{"name":"page json file is found(HesabimPage.json)","status":"passed","stage":"finished","steps":[],"attachments":[],"parameters":[],"start":1719415489040,"stop":1719415489040},{"name":"there is no waitElement on the page","status":"skipped","stage":"finished","steps":[],"attachments":[],"parameters":[],"start":1719415489040,"stop":1719415489040}],"attachments":[],"parameters":[],"start":1719415489038,"stop":1719415489041},{"name":"Then  I wait \"uyelik bilgileri;Adiniz;Soyadiniz;Cinsiyet;Dogum Tarihi;TC no;Telefon Numarasi;Email\" elements","status":"passed","statusDetails":{"known":false,"muted":false,"flaky":false},"stage":"finished","steps":[{"name":"page json file is found(HesabimPage.json)","status":"passed","stage":"finished","steps":[],"attachments":[],"parameters":[],"start":1719415489042,"stop":1719415489042},{"name":"uyelik bilgileri Element is found","status":"passed","stage":"finished","steps":[],"attachments":[],"parameters":[],"start":1719415489254,"stop":1719415489254},{"name":"page json file is found(HesabimPage.json)","status":"passed","stage":"finished","steps":[],"attachments":[],"parameters":[],"start":1719415489262,"stop":1719415489262},{"name":"Adiniz Element is found","status":"passed","stage":"finished","steps":[],"attachments":[],"parameters":[],"start":1719415489458,"stop":1719415489458},{"name":"page json file is found(HesabimPage.json)","status":"passed","stage":"finished","steps":[],"attachments":[],"parameters":[],"start":1719415489468,"stop":1719415489468},{"name":"Soyadiniz Element is found","status":"passed","stage":"finished","steps":[],"attachments":[],"parameters":[],"start":1719415489668,"stop":1719415489668},{"name":"page json file is found(HesabimPage.json)","status":"passed","stage":"finished","steps":[],"attachments":[],"parameters":[],"start":1719415489676,"stop":1719415489676},{"name":"Cinsiyet Element is found","status":"passed","stage":"finished","steps":[],"attachments":[],"parameters":[],"start":1719415489876,"stop":1719415489876},{"name":"page json file is found(HesabimPage.json)","status":"passed","stage":"finished","steps":[],"attachments":[],"parameters":[],"start":1719415489882,"stop":1719415489882},{"name":"Dogum Tarihi Element is found","status":"passed","stage":"finished","steps":[],"attachments":[],"parameters":[],"start":1719415490059,"stop":1719415490059},{"name":"page json file is found(HesabimPage.json)","status":"passed","stage":"finished","steps":[],"attachments":[],"parameters":[],"start":1719415490066,"stop":1719415490066},{"name":"TC no Element is found","status":"passed","stage":"finished","steps":[],"attachments":[],"parameters":[],"start":1719415490252,"stop":1719415490252},{"name":"page json file is found(HesabimPage.json)","status":"passed","stage":"finished","steps":[],"attachments":[],"parameters":[],"start":1719415490262,"stop":1719415490262},{"name":"Telefon Numarasi Element is found","status":"passed","stage":"finished","steps":[],"attachments":[],"parameters":[],"start":1719415490450,"stop":1719415490450},{"name":"page json file is found(HesabimPage.json)","status":"passed","stage":"finished","steps":[],"attachments":[],"parameters":[],"start":1719415490458,"stop":1719415490458},{"name":"Email Element is found","status":"passed","stage":"finished","steps":[],"attachments":[],"parameters":[],"start":1719415490645,"stop":1719415490645}],"attachments":[{"name":"ScreenShot: uyelik bilgileri Element is found","source":"bde362bb-21f7-4d04-ae00-ee49e1da13a3-attachment"},{"name":"ScreenShot: Adiniz Element is found","source":"4a2b6b27-42eb-4fc4-baff-29fda8b2e2e5-attachment"},{"name":"ScreenShot: Soyadiniz Element is found","source":"daf3e93a-35d4-4f0a-a4ec-0310fd853fa1-attachment"},{"name":"ScreenShot: Cinsiyet Element is found","source":"85c6b325-5897-455f-b7d6-fe255080f993-attachment"},{"name":"ScreenShot: Dogum Tarihi Element is found","source":"4e0468b2-c57c-42b0-bc63-df95b6025ae9-attachment"},{"name":"ScreenShot: TC no Element is found","source":"270efb65-6c8c-4cff-b649-2302854a3ee1-attachment"},{"name":"ScreenShot: Telefon Numarasi Element is found","source":"c8c992fd-6818-4d92-841c-04ca526e24a3-attachment"},{"name":"ScreenShot: Email Element is found","source":"2acfad91-f700-46f6-8815-e19db91d332b-attachment"}],"parameters":[],"start":1719415489041,"stop":1719415490652},{"name":"Then  I clear \"Adiniz\" textbox","status":"passed","statusDetails":{"known":false,"muted":false,"flaky":false},"stage":"finished","steps":[{"name":"page json file is found(HesabimPage.json)","status":"passed","stage":"finished","steps":[],"attachments":[],"parameters":[],"start":1719415490653,"stop":1719415490653},{"name":"Adiniztext is cleared","status":"passed","stage":"finished","steps":[],"attachments":[],"parameters":[],"start":1719415490885,"stop":1719415490885}],"attachments":[{"name":"ScreenShot: Adiniztext is cleared","source":"23e1e14b-2954-45aa-b62a-4fb076fb99bf-attachment"}],"parameters":[],"start":1719415490652,"stop":1719415490885},{"name":"Then  I send key to \"Adiniz\" element random \"name\"","status":"passed","statusDetails":{"known":false,"muted":false,"flaky":false},"stage":"finished","steps":[{"name":"Send to keys","status":"passed","stage":"finished","steps":[],"attachments":[],"parameters":[],"start":1719415490926,"stop":1719415490926},{"name":"page json file is found(HesabimPage.json)","status":"passed","stage":"finished","steps":[],"attachments":[],"parameters":[],"start":1719415491036,"stop":1719415491036},{"name":"Text send text area","status":"passed","stage":"finished","steps":[],"attachments":[],"parameters":[],"start":1719415491275,"stop":1719415491275},{"name":"page json file is found(HesabimPage.json)","status":"passed","stage":"finished","steps":[],"attachments":[],"parameters":[],"start":1719415491275,"stop":1719415491275},{"name":"Degistirilen bilgi güncellendi","status":"passed","stage":"finished","steps":[],"attachments":[],"parameters":[],"start":1719415491298,"stop":1719415491298}],"attachments":[{"name":"ScreenShot: Text send text area","source":"df66a101-a97d-4746-a943-1aa5897f4b0e-attachment"}],"parameters":[],"start":1719415490886,"stop":1719415491299},{"name":"And  I clear \"Soyadiniz\" textbox","status":"passed","statusDetails":{"known":false,"muted":false,"flaky":false},"stage":"finished","steps":[{"name":"page json file is found(HesabimPage.json)","status":"passed","stage":"finished","steps":[],"attachments":[],"parameters":[],"start":1719415491299,"stop":1719415491299},{"name":"Soyadiniztext is cleared","status":"passed","stage":"finished","steps":[],"attachments":[],"parameters":[],"start":1719415491468,"stop":1719415491468}],"attachments":[{"name":"ScreenShot: Soyadiniztext is cleared","source":"9ff06620-b795-4a47-bcbf-654c5cff7dcc-attachment"}],"parameters":[],"start":1719415491299,"stop":1719415491468},{"name":"Then  I send key to \"Soyadiniz\" element random \"surname\"","status":"passed","statusDetails":{"known":false,"muted":false,"flaky":false},"stage":"finished","steps":[{"name":"Send to keys","status":"passed","stage":"finished","steps":[],"attachments":[],"parameters":[],"start":1719415491468,"stop":1719415491468},{"name":"page json file is found(HesabimPage.json)","status":"passed","stage":"finished","steps":[],"attachments":[],"parameters":[],"start":1719415491493,"stop":1719415491493},{"name":"Text send text area","status":"passed","stage":"finished","steps":[],"attachments":[],"parameters":[],"start":1719415491760,"stop":1719415491760},{"name":"page json file is found(HesabimPage.json)","status":"passed","stage":"finished","steps":[],"attachments":[],"parameters":[],"start":1719415491761,"stop":1719415491761},{"name":"Degistirilen bilgi güncellendi","status":"passed","stage":"finished","steps":[],"attachments":[],"parameters":[],"start":1719415491780,"stop":1719415491780}],"attachments":[{"name":"ScreenShot: Text send text area","source":"faac226e-aa1f-4a8d-b7cd-db4234a81d2b-attachment"}],"parameters":[],"start":1719415491468,"stop":1719415491781},{"name":"Then  I scroll down until find \"kisiler bilgiler onay\" element","status":"passed","statusDetails":{"known":false,"muted":false,"flaky":false},"stage":"finished","steps":[{"name":"page json file is found(HesabimPage.json)","status":"passed","stage":"finished","steps":[],"attachments":[],"parameters":[],"start":1719415491781,"stop":1719415491781}],"attachments":[],"parameters":[],"start":1719415491781,"stop":1719415491798},{"name":"Then  I wait until element to be clickable and click to \"Kaydet Button\" element","status":"broken","statusDetails":{"known":false,"muted":false,"flaky":false,"message":"element click intercepted: Element is not clickable at point (684, 701)\n  (Session info: chrome=126.0.6478.114)\nBuild info: version: '4.9.1', revision: 'eb2032df7f'\nSystem info: os.name: 'Windows 10', os.arch: 'amd64', os.version: '10.0', java.version: '17.0.4.1'\nDriver info: org.openqa.selenium.chrome.ChromeDriver\nCommand: [41297fde17f004f6713c6c0389fb2177, clickElement {id=f.5B378504A1FA0597CAAE1C63D0CF444A.d.22AE91C8DF9A71C527E042F458CE2D57.e.243}]\nCapabilities {acceptInsecureCerts: false, browserName: chrome, browserVersion: 126.0.6478.114, chrome: {chromedriverVersion: 126.0.6478.126 (d36ace6122e..., userDataDir: C:\\Users\\Enis\\AppData\\Local...}, fedcm:accounts: true, goog:chromeOptions: {debuggerAddress: localhost:63606}, networkConnectionEnabled: false, pageLoadStrategy: normal, platformName: windows, proxy: Proxy(), se:cdp: ws://localhost:63606/devtoo..., se:cdpVersion: 126.0.6478.114, setWindowRect: true, strictFileInteractability: false, timeouts: {implicit: 0, pageLoad: 300000, script: 30000}, unhandledPromptBehavior: dismiss and notify, webauthn:extension:credBlob: true, webauthn:extension:largeBlob: true, webauthn:extension:minPinLength: true, webauthn:extension:prf: true, webauthn:virtualAuthenticators: true}\nElement: [[ChromeDriver: chrome on windows (41297fde17f004f6713c6c0389fb2177)] -> xpath: //button[@title='Kaydet']]\nSession ID: 41297fde17f004f6713c6c0389fb2177","trace":"org.openqa.selenium.ElementClickInterceptedException: element click intercepted: Element is not clickable at point (684, 701)\n  (Session info: chrome=126.0.6478.114)\nBuild info: version: '4.9.1', revision: 'eb2032df7f'\nSystem info: os.name: 'Windows 10', os.arch: 'amd64', os.version: '10.0', java.version: '17.0.4.1'\nDriver info: org.openqa.selenium.chrome.ChromeDriver\nCommand: [41297fde17f004f6713c6c0389fb2177, clickElement {id=f.5B378504A1FA0597CAAE1C63D0CF444A.d.22AE91C8DF9A71C527E042F458CE2D57.e.243}]\nCapabilities {acceptInsecureCerts: false, browserName: chrome, browserVersion: 126.0.6478.114, chrome: {chromedriverVersion: 126.0.6478.126 (d36ace6122e..., userDataDir: C:\\Users\\Enis\\AppData\\Local...}, fedcm:accounts: true, goog:chromeOptions: {debuggerAddress: localhost:63606}, networkConnectionEnabled: false, pageLoadStrategy: normal, platformName: windows, proxy: Proxy(), se:cdp: ws://localhost:63606/devtoo..., se:cdpVersion: 126.0.6478.114, setWindowRect: true, strictFileInteractability: false, timeouts: {implicit: 0, pageLoad: 300000, script: 30000}, unhandledPromptBehavior: dismiss and notify, webauthn:extension:credBlob: true, webauthn:extension:largeBlob: true, webauthn:extension:minPinLength: true, webauthn:extension:prf: true, webauthn:virtualAuthenticators: true}\nElement: [[ChromeDriver: chrome on windows (41297fde17f004f6713c6c0389fb2177)] -> xpath: //button[@title='Kaydet']]\nSession ID: 41297fde17f004f6713c6c0389fb2177\r\n\tat java.base/jdk.internal.reflect.NativeConstructorAccessorImpl.newInstance0(Native Method)\r\n\tat java.base/jdk.internal.reflect.NativeConstructorAccessorImpl.newInstance(NativeConstructorAccessorImpl.java:77)\r\n\tat java.base/jdk.internal.reflect.DelegatingConstructorAccessorImpl.newInstance(DelegatingConstructorAccessorImpl.java:45)\r\n\tat java.base/java.lang.reflect.Constructor.newInstanceWithCaller(Constructor.java:499)\r\n\tat java.base/java.lang.reflect.Constructor.newInstance(Constructor.java:480)\r\n\tat org.openqa.selenium.remote.codec.w3c.W3CHttpResponseCodec.createException(W3CHttpResponseCodec.java:200)\r\n\tat org.openqa.selenium.remote.codec.w3c.W3CHttpResponseCodec.decode(W3CHttpResponseCodec.java:133)\r\n\tat org.openqa.selenium.remote.codec.w3c.W3CHttpResponseCodec.decode(W3CHttpResponseCodec.java:53)\r\n\tat org.openqa.selenium.remote.HttpCommandExecutor.execute(HttpCommandExecutor.java:193)\r\n\tat org.openqa.selenium.remote.service.DriverCommandExecutor.invokeExecute(DriverCommandExecutor.java:183)\r\n\tat org.openqa.selenium.remote.service.DriverCommandExecutor.execute(DriverCommandExecutor.java:158)\r\n\tat org.openqa.selenium.remote.RemoteWebDriver.execute(RemoteWebDriver.java:543)\r\n\tat org.openqa.selenium.remote.RemoteWebElement.execute(RemoteWebElement.java:257)\r\n\tat org.openqa.selenium.remote.RemoteWebElement.click(RemoteWebElement.java:78)\r\n\tat commons.CommonLib.clickElementWaitUntilClickable(CommonLib.java:139)\r\n\tat stepdef.MyStepdefs.clickElementWaitUntilClickable(MyStepdefs.java:52)\r\n\tat ✽.I wait until element to be clickable and click to \"Kaydet Button\" element(file:///C:/Users/Enis/Downloads/Beko-cucumber-2024/src/test/java/features/User/Test06_UpdateUserInfo.feature:28)\r\n"},"stage":"finished","steps":[{"name":"page json file is found(HesabimPage.json)","status":"passed","stage":"finished","steps":[],"attachments":[],"parameters":[],"start":1719415491798,"stop":1719415491798},{"name":"Clicked to element.","status":"passed","stage":"finished","steps":[],"attachments":[],"parameters":[],"start":1719415492014,"stop":1719415492014}],"attachments":[{"name":"ScreenShot: Clicked to element.","source":"3963bb17-3811-4b0e-9387-c3f9a3345af4-attachment"}],"parameters":[],"start":1719415491798,"stop":1719415493112},{"name":"Then  I sleep for 3 seconds","status":"skipped","statusDetails":{"known":false,"muted":false,"flaky":false},"stage":"finished","steps":[],"attachments":[],"parameters":[],"start":1719415493113,"stop":1719415493114}],"attachments":[],"parameters":[{"name":"username","value":"bekos1test@gmail.com"},{"name":"password","value":"Albayrak.41"},{"name":"url","value":"https://akamai-s1-astra-stage.beko.com.tr/"}],"start":1719415453092,"stop":1719415493115}